<?xml version="1.0" encoding="UTF-8"?>
<testng-results ignored="0" total="3" passed="3" failed="0" skipped="0">
  <reporter-output>
  </reporter-output>
  <suite started-at="2022-10-22T17:11:45 IST" name="Suite" finished-at="2022-10-22T17:13:13 IST" duration-ms="87812">
    <groups>
    </groups>
    <test started-at="2022-10-22T17:11:45 IST" name="Test" finished-at="2022-10-22T17:13:13 IST" duration-ms="87812">
      <class name="scripts.TestCase1">
        <test-method is-config="true" signature="openApp()[pri:0, instance:scripts.TestCase1@636be97c]" started-at="2022-10-22T17:11:45 IST" name="openApp" finished-at="2022-10-22T17:11:52 IST" duration-ms="6878" status="PASS">
          <reporter-output>
          </reporter-output>
        </test-method> <!-- openApp -->
        <test-method signature="tc1()[pri:0, instance:scripts.TestCase1@636be97c]" started-at="2022-10-22T17:11:52 IST" name="tc1" finished-at="2022-10-22T17:12:03 IST" duration-ms="10999" status="PASS">
          <reporter-output>
          </reporter-output>
        </test-method> <!-- tc1 -->
        <test-method is-config="true" signature="closeApp()[pri:0, instance:scripts.TestCase1@636be97c]" started-at="2022-10-22T17:12:03 IST" name="closeApp" finished-at="2022-10-22T17:12:03 IST" duration-ms="427" status="PASS">
          <reporter-output>
          </reporter-output>
        </test-method> <!-- closeApp -->
      </class> <!-- scripts.TestCase1 -->
      <class name="scripts.TestCase2">
        <test-method is-config="true" signature="openApp()[pri:0, instance:scripts.TestCase2@1dde4cb2]" started-at="2022-10-22T17:12:03 IST" name="openApp" finished-at="2022-10-22T17:12:17 IST" duration-ms="13368" status="PASS">
          <reporter-output>
          </reporter-output>
        </test-method> <!-- openApp -->
        <test-method signature="tc2()[pri:0, instance:scripts.TestCase2@1dde4cb2]" started-at="2022-10-22T17:12:17 IST" name="tc2" finished-at="2022-10-22T17:12:45 IST" duration-ms="28880" status="PASS">
          <reporter-output>
          </reporter-output>
        </test-method> <!-- tc2 -->
        <test-method is-config="true" signature="closeApp()[pri:0, instance:scripts.TestCase2@1dde4cb2]" started-at="2022-10-22T17:12:45 IST" name="closeApp" finished-at="2022-10-22T17:12:46 IST" duration-ms="666" status="PASS">
          <reporter-output>
          </reporter-output>
        </test-method> <!-- closeApp -->
      </class> <!-- scripts.TestCase2 -->
      <class name="scripts.TestCase3">
        <test-method is-config="true" signature="openApp()[pri:0, instance:scripts.TestCase3@7714e963]" started-at="2022-10-22T17:12:46 IST" name="openApp" finished-at="2022-10-22T17:12:55 IST" duration-ms="9225" status="PASS">
          <reporter-output>
          </reporter-output>
        </test-method> <!-- openApp -->
        <test-method signature="tc3()[pri:0, instance:scripts.TestCase3@7714e963]" started-at="2022-10-22T17:12:55 IST" name="tc3" finished-at="2022-10-22T17:13:12 IST" duration-ms="16520" status="PASS">
          <reporter-output>
          </reporter-output>
        </test-method> <!-- tc3 -->
        <test-method is-config="true" signature="closeApp()[pri:0, instance:scripts.TestCase3@7714e963]" started-at="2022-10-22T17:13:12 IST" name="closeApp" finished-at="2022-10-22T17:13:13 IST" duration-ms="776" status="PASS">
          <reporter-output>
          </reporter-output>
        </test-method> <!-- closeApp -->
      </class> <!-- scripts.TestCase3 -->
    </test> <!-- Test -->
  </suite> <!-- Suite -->
</testng-results>
